{"C:\\Users\\lucien\\dev\\svelte\\pkit-social\\src\\lib\\schemas\\auth\\fields.ts": {"path":"C:\\Users\\lucien\\dev\\svelte\\pkit-social\\src\\lib\\schemas\\auth\\fields.ts","all":false,"statementMap":{"0":{"start":{"line":1,"column":0},"end":{"line":1,"column":24}},"2":{"start":{"line":3,"column":0},"end":{"line":3,"column":33}},"3":{"start":{"line":4,"column":0},"end":{"line":4,"column":10}},"4":{"start":{"line":5,"column":0},"end":{"line":5,"column":72}},"5":{"start":{"line":6,"column":0},"end":{"line":6,"column":74}},"7":{"start":{"line":8,"column":0},"end":{"line":8,"column":30}},"8":{"start":{"line":9,"column":0},"end":{"line":9,"column":10}},"9":{"start":{"line":10,"column":0},"end":{"line":10,"column":68}},"10":{"start":{"line":11,"column":0},"end":{"line":11,"column":69}},"11":{"start":{"line":12,"column":0},"end":{"line":12,"column":50}},"13":{"start":{"line":14,"column":0},"end":{"line":14,"column":81}},"15":{"start":{"line":16,"column":0},"end":{"line":16,"column":28}},"16":{"start":{"line":17,"column":0},"end":{"line":17,"column":10}},"17":{"start":{"line":18,"column":0},"end":{"line":18,"column":66}},"18":{"start":{"line":19,"column":0},"end":{"line":19,"column":67}},"19":{"start":{"line":20,"column":0},"end":{"line":20,"column":28}},"20":{"start":{"line":21,"column":0},"end":{"line":21,"column":70}},"21":{"start":{"line":22,"column":0},"end":{"line":22,"column":4}}},"s":{"0":1,"2":1,"3":1,"4":1,"5":1,"7":1,"8":1,"9":1,"10":1,"11":1,"13":1,"15":1,"16":1,"17":1,"18":1,"19":1,"20":1,"21":1},"branchMap":{},"b":{},"fnMap":{},"f":{}}
,"C:\\Users\\lucien\\dev\\svelte\\pkit-social\\src\\lib\\server\\auth.ts": {"path":"C:\\Users\\lucien\\dev\\svelte\\pkit-social\\src\\lib\\server\\auth.ts","all":false,"statementMap":{"0":{"start":{"line":1,"column":0},"end":{"line":1,"column":55}},"1":{"start":{"line":2,"column":0},"end":{"line":2,"column":65}},"2":{"start":{"line":3,"column":0},"end":{"line":3,"column":47}},"3":{"start":{"line":4,"column":0},"end":{"line":4,"column":57}},"5":{"start":{"line":6,"column":0},"end":{"line":6,"column":50}},"6":{"start":{"line":7,"column":0},"end":{"line":7,"column":32}},"7":{"start":{"line":8,"column":0},"end":{"line":8,"column":34}},"9":{"start":{"line":10,"column":0},"end":{"line":10,"column":28}},"10":{"start":{"line":11,"column":0},"end":{"line":11,"column":19}},"11":{"start":{"line":12,"column":0},"end":{"line":12,"column":13}},"12":{"start":{"line":13,"column":0},"end":{"line":13,"column":15}},"13":{"start":{"line":14,"column":0},"end":{"line":14,"column":15}},"14":{"start":{"line":15,"column":0},"end":{"line":15,"column":2}},"16":{"start":{"line":17,"column":0},"end":{"line":17,"column":84}},"18":{"start":{"line":19,"column":0},"end":{"line":19,"column":73}},"19":{"start":{"line":20,"column":0},"end":{"line":20,"column":39}},"21":{"start":{"line":22,"column":0},"end":{"line":22,"column":49}},"22":{"start":{"line":23,"column":0},"end":{"line":23,"column":21}},"23":{"start":{"line":24,"column":0},"end":{"line":24,"column":15}},"24":{"start":{"line":25,"column":0},"end":{"line":25,"column":18}},"25":{"start":{"line":26,"column":0},"end":{"line":26,"column":46}},"26":{"start":{"line":27,"column":0},"end":{"line":27,"column":21}},"27":{"start":{"line":28,"column":0},"end":{"line":28,"column":99}},"29":{"start":{"line":30,"column":0},"end":{"line":30,"column":56}},"30":{"start":{"line":31,"column":0},"end":{"line":31,"column":32}},"31":{"start":{"line":32,"column":0},"end":{"line":32,"column":4}},"32":{"start":{"line":33,"column":0},"end":{"line":33,"column":75}},"34":{"start":{"line":35,"column":0},"end":{"line":35,"column":56}},"35":{"start":{"line":36,"column":0},"end":{"line":36,"column":18}},"36":{"start":{"line":37,"column":0},"end":{"line":37,"column":4}},"37":{"start":{"line":38,"column":0},"end":{"line":38,"column":77}},"39":{"start":{"line":40,"column":0},"end":{"line":40,"column":53}},"40":{"start":{"line":41,"column":0},"end":{"line":41,"column":42}},"41":{"start":{"line":42,"column":0},"end":{"line":42,"column":40}},"42":{"start":{"line":43,"column":0},"end":{"line":43,"column":9}},"43":{"start":{"line":44,"column":0},"end":{"line":44,"column":6}},"44":{"start":{"line":45,"column":0},"end":{"line":45,"column":9}},"45":{"start":{"line":46,"column":0},"end":{"line":46,"column":32}},"46":{"start":{"line":47,"column":0},"end":{"line":47,"column":13}},"47":{"start":{"line":48,"column":0},"end":{"line":48,"column":13}},"48":{"start":{"line":49,"column":0},"end":{"line":49,"column":13}},"49":{"start":{"line":50,"column":0},"end":{"line":50,"column":39}},"50":{"start":{"line":51,"column":0},"end":{"line":51,"column":36}},"51":{"start":{"line":52,"column":0},"end":{"line":52,"column":5}},"52":{"start":{"line":53,"column":0},"end":{"line":53,"column":4}},"53":{"start":{"line":54,"column":0},"end":{"line":54,"column":3}},"54":{"start":{"line":55,"column":0},"end":{"line":55,"column":4}},"56":{"start":{"line":57,"column":0},"end":{"line":57,"column":32}},"58":{"start":{"line":59,"column":0},"end":{"line":59,"column":13}},"59":{"start":{"line":60,"column":0},"end":{"line":60,"column":2}},"61":{"start":{"line":62,"column":0},"end":{"line":62,"column":49}},"62":{"start":{"line":63,"column":0},"end":{"line":63,"column":21}},"63":{"start":{"line":64,"column":0},"end":{"line":64,"column":15}},"64":{"start":{"line":65,"column":0},"end":{"line":65,"column":17}},"65":{"start":{"line":66,"column":0},"end":{"line":66,"column":21}},"66":{"start":{"line":67,"column":0},"end":{"line":67,"column":51}},"67":{"start":{"line":68,"column":0},"end":{"line":68,"column":19}},"68":{"start":{"line":69,"column":0},"end":{"line":69,"column":42}},"69":{"start":{"line":70,"column":0},"end":{"line":70,"column":4}},"70":{"start":{"line":71,"column":0},"end":{"line":71,"column":21}},"71":{"start":{"line":72,"column":0},"end":{"line":72,"column":56}},"72":{"start":{"line":73,"column":0},"end":{"line":73,"column":2}},"74":{"start":{"line":75,"column":0},"end":{"line":75,"column":81}},"75":{"start":{"line":76,"column":0},"end":{"line":76,"column":22}},"76":{"start":{"line":77,"column":0},"end":{"line":77,"column":56}},"77":{"start":{"line":78,"column":0},"end":{"line":78,"column":2}},"79":{"start":{"line":80,"column":0},"end":{"line":80,"column":45}},"80":{"start":{"line":81,"column":0},"end":{"line":81,"column":2}},"82":{"start":{"line":83,"column":0},"end":{"line":83,"column":62}},"83":{"start":{"line":84,"column":0},"end":{"line":84,"column":62}},"84":{"start":{"line":85,"column":0},"end":{"line":85,"column":18}},"85":{"start":{"line":86,"column":0},"end":{"line":86,"column":27}},"86":{"start":{"line":87,"column":0},"end":{"line":87,"column":30}},"87":{"start":{"line":88,"column":0},"end":{"line":88,"column":9}},"88":{"start":{"line":89,"column":0},"end":{"line":89,"column":2}},"90":{"start":{"line":91,"column":0},"end":{"line":91,"column":66}},"91":{"start":{"line":92,"column":0},"end":{"line":92,"column":32}},"92":{"start":{"line":93,"column":0},"end":{"line":93,"column":62}},"93":{"start":{"line":94,"column":0},"end":{"line":94,"column":62}},"94":{"start":{"line":95,"column":0},"end":{"line":95,"column":13}},"95":{"start":{"line":96,"column":0},"end":{"line":96,"column":30}},"96":{"start":{"line":97,"column":0},"end":{"line":97,"column":5}},"97":{"start":{"line":98,"column":0},"end":{"line":98,"column":2}},"99":{"start":{"line":100,"column":0},"end":{"line":100,"column":16}},"100":{"start":{"line":101,"column":0},"end":{"line":101,"column":57}},"101":{"start":{"line":102,"column":0},"end":{"line":102,"column":62}},"102":{"start":{"line":103,"column":0},"end":{"line":103,"column":13}},"103":{"start":{"line":104,"column":0},"end":{"line":104,"column":30}},"104":{"start":{"line":105,"column":0},"end":{"line":105,"column":5}},"105":{"start":{"line":106,"column":0},"end":{"line":106,"column":2}},"107":{"start":{"line":108,"column":0},"end":{"line":108,"column":26}},"108":{"start":{"line":109,"column":0},"end":{"line":109,"column":32}},"109":{"start":{"line":110,"column":0},"end":{"line":110,"column":2}},"111":{"start":{"line":112,"column":0},"end":{"line":112,"column":77}},"112":{"start":{"line":113,"column":0},"end":{"line":113,"column":55}},"113":{"start":{"line":114,"column":0},"end":{"line":114,"column":61}},"115":{"start":{"line":116,"column":0},"end":{"line":116,"column":61}},"116":{"start":{"line":117,"column":0},"end":{"line":117,"column":12}},"117":{"start":{"line":118,"column":0},"end":{"line":118,"column":29}},"118":{"start":{"line":119,"column":0},"end":{"line":119,"column":4}},"119":{"start":{"line":120,"column":0},"end":{"line":120,"column":2}}},"s":{"0":1,"1":1,"2":1,"3":1,"5":1,"6":1,"7":1,"9":1,"10":1,"11":1,"12":1,"13":1,"14":1,"16":1,"18":1,"19":4,"21":1,"22":4,"23":4,"24":4,"25":4,"26":4,"27":4,"29":3,"30":3,"31":3,"32":4,"34":2,"35":2,"36":2,"37":4,"39":1,"40":1,"41":1,"42":1,"43":1,"44":1,"45":1,"46":1,"47":1,"48":1,"49":1,"50":1,"51":1,"52":1,"53":1,"54":1,"56":1,"58":1,"59":1,"61":1,"62":3,"63":3,"64":3,"65":3,"66":3,"67":3,"68":3,"69":3,"70":3,"71":1,"72":1,"74":2,"75":3,"76":1,"77":1,"79":1,"80":1,"82":1,"83":3,"84":3,"85":1,"86":1,"87":1,"88":1,"90":2,"91":3,"92":1,"93":1,"94":1,"95":1,"96":1,"97":1,"99":3,"100":1,"101":1,"102":1,"103":1,"104":1,"105":1,"107":2,"108":2,"109":2,"111":1,"112":2,"113":2,"115":2,"116":2,"117":2,"118":2,"119":2},"branchMap":{"0":{"type":"branch","line":17,"loc":{"start":{"line":17,"column":28},"end":{"line":17,"column":84}},"locations":[{"start":{"line":17,"column":28},"end":{"line":17,"column":84}}]},"1":{"type":"branch","line":19,"loc":{"start":{"line":19,"column":30},"end":{"line":20,"column":39}},"locations":[{"start":{"line":19,"column":30},"end":{"line":20,"column":39}}]},"2":{"type":"branch","line":22,"loc":{"start":{"line":22,"column":42},"end":{"line":60,"column":2}},"locations":[{"start":{"line":22,"column":42},"end":{"line":60,"column":2}}]},"3":{"type":"branch","line":28,"loc":{"start":{"line":28,"column":50},"end":{"line":28,"column":99}},"locations":[{"start":{"line":28,"column":50},"end":{"line":28,"column":99}}]},"4":{"type":"branch","line":28,"loc":{"start":{"line":28,"column":97},"end":{"line":33,"column":27}},"locations":[{"start":{"line":28,"column":97},"end":{"line":33,"column":27}}]},"5":{"type":"branch","line":33,"loc":{"start":{"line":33,"column":21},"end":{"line":33,"column":75}},"locations":[{"start":{"line":33,"column":21},"end":{"line":33,"column":75}}]},"6":{"type":"branch","line":33,"loc":{"start":{"line":33,"column":73},"end":{"line":38,"column":30}},"locations":[{"start":{"line":33,"column":73},"end":{"line":38,"column":30}}]},"7":{"type":"branch","line":38,"loc":{"start":{"line":38,"column":24},"end":{"line":60,"column":2}},"locations":[{"start":{"line":38,"column":24},"end":{"line":60,"column":2}}]},"8":{"type":"branch","line":62,"loc":{"start":{"line":62,"column":42},"end":{"line":81,"column":2}},"locations":[{"start":{"line":62,"column":42},"end":{"line":81,"column":2}}]},"9":{"type":"branch","line":71,"loc":{"start":{"line":71,"column":20},"end":{"line":73,"column":2}},"locations":[{"start":{"line":71,"column":20},"end":{"line":73,"column":2}}]},"10":{"type":"branch","line":73,"loc":{"start":{"line":73,"column":1},"end":{"line":76,"column":21}},"locations":[{"start":{"line":73,"column":1},"end":{"line":76,"column":21}}]},"11":{"type":"branch","line":76,"loc":{"start":{"line":76,"column":21},"end":{"line":81,"column":2}},"locations":[{"start":{"line":76,"column":21},"end":{"line":81,"column":2}}]},"12":{"type":"branch","line":83,"loc":{"start":{"line":83,"column":30},"end":{"line":110,"column":2}},"locations":[{"start":{"line":83,"column":30},"end":{"line":110,"column":2}}]},"13":{"type":"branch","line":85,"loc":{"start":{"line":85,"column":17},"end":{"line":89,"column":2}},"locations":[{"start":{"line":85,"column":17},"end":{"line":89,"column":2}}]},"14":{"type":"branch","line":89,"loc":{"start":{"line":89,"column":1},"end":{"line":92,"column":16}},"locations":[{"start":{"line":89,"column":1},"end":{"line":92,"column":16}}]},"15":{"type":"branch","line":92,"loc":{"start":{"line":92,"column":5},"end":{"line":92,"column":31}},"locations":[{"start":{"line":92,"column":5},"end":{"line":92,"column":31}}]},"16":{"type":"branch","line":92,"loc":{"start":{"line":92,"column":31},"end":{"line":98,"column":2}},"locations":[{"start":{"line":92,"column":31},"end":{"line":98,"column":2}}]},"17":{"type":"branch","line":98,"loc":{"start":{"line":98,"column":1},"end":{"line":100,"column":15}},"locations":[{"start":{"line":98,"column":1},"end":{"line":100,"column":15}}]},"18":{"type":"branch","line":100,"loc":{"start":{"line":100,"column":15},"end":{"line":106,"column":2}},"locations":[{"start":{"line":100,"column":15},"end":{"line":106,"column":2}}]},"19":{"type":"branch","line":106,"loc":{"start":{"line":106,"column":1},"end":{"line":110,"column":2}},"locations":[{"start":{"line":106,"column":1},"end":{"line":110,"column":2}}]},"20":{"type":"branch","line":112,"loc":{"start":{"line":112,"column":29},"end":{"line":120,"column":2}},"locations":[{"start":{"line":112,"column":29},"end":{"line":120,"column":2}}]}},"b":{"0":[2],"1":[4],"2":[4],"3":[1],"4":[3],"5":[1],"6":[2],"7":[1],"8":[3],"9":[1],"10":[2],"11":[1],"12":[3],"13":[1],"14":[2],"15":[1],"16":[1],"17":[2],"18":[1],"19":[2],"20":[2]},"fnMap":{"0":{"name":"hashPassword","decl":{"start":{"line":17,"column":28},"end":{"line":17,"column":84}},"loc":{"start":{"line":17,"column":28},"end":{"line":17,"column":84}},"line":17},"1":{"name":"verifyPassword","decl":{"start":{"line":19,"column":30},"end":{"line":20,"column":39}},"loc":{"start":{"line":19,"column":30},"end":{"line":20,"column":39}},"line":19},"2":{"name":"signUpWithEmailAndPassword","decl":{"start":{"line":22,"column":42},"end":{"line":60,"column":2}},"loc":{"start":{"line":22,"column":42},"end":{"line":60,"column":2}},"line":22},"3":{"name":"signInWithEmailAndPassword","decl":{"start":{"line":62,"column":42},"end":{"line":81,"column":2}},"loc":{"start":{"line":62,"column":42},"end":{"line":81,"column":2}},"line":62},"4":{"name":"refreshSession","decl":{"start":{"line":83,"column":30},"end":{"line":110,"column":2}},"loc":{"start":{"line":83,"column":30},"end":{"line":110,"column":2}},"line":83},"5":{"name":"createSession","decl":{"start":{"line":112,"column":29},"end":{"line":120,"column":2}},"loc":{"start":{"line":112,"column":29},"end":{"line":120,"column":2}},"line":112}},"f":{"0":2,"1":4,"2":4,"3":3,"4":3,"5":2}}
,"C:\\Users\\lucien\\dev\\svelte\\pkit-social\\src\\lib\\utils\\auth-error.ts": {"path":"C:\\Users\\lucien\\dev\\svelte\\pkit-social\\src\\lib\\utils\\auth-error.ts","all":false,"statementMap":{"0":{"start":{"line":1,"column":0},"end":{"line":1,"column":27}},"1":{"start":{"line":2,"column":0},"end":{"line":2,"column":49}},"2":{"start":{"line":3,"column":0},"end":{"line":3,"column":49}},"3":{"start":{"line":4,"column":0},"end":{"line":4,"column":39}},"4":{"start":{"line":5,"column":0},"end":{"line":5,"column":51}},"5":{"start":{"line":6,"column":0},"end":{"line":6,"column":36}},"8":{"start":{"line":9,"column":0},"end":{"line":9,"column":38}},"9":{"start":{"line":10,"column":0},"end":{"line":10,"column":42}},"10":{"start":{"line":11,"column":0},"end":{"line":11,"column":14}},"11":{"start":{"line":12,"column":0},"end":{"line":12,"column":26}},"12":{"start":{"line":13,"column":0},"end":{"line":13,"column":2}},"13":{"start":{"line":14,"column":0},"end":{"line":14,"column":1}}},"s":{"0":1,"1":1,"2":1,"3":1,"4":1,"5":1,"8":1,"9":1,"10":10,"11":10,"12":10,"13":1},"branchMap":{"0":{"type":"branch","line":1,"loc":{"start":{"line":1,"column":7},"end":{"line":1,"column":27}},"locations":[{"start":{"line":1,"column":7},"end":{"line":1,"column":27}}]},"1":{"type":"branch","line":10,"loc":{"start":{"line":10,"column":1},"end":{"line":13,"column":2}},"locations":[{"start":{"line":10,"column":1},"end":{"line":13,"column":2}}]}},"b":{"0":[1],"1":[10]},"fnMap":{"0":{"name":"AuthError","decl":{"start":{"line":10,"column":1},"end":{"line":13,"column":2}},"loc":{"start":{"line":10,"column":1},"end":{"line":13,"column":2}},"line":10}},"f":{"0":10}}
}
